INFO:root:Informational message
ERROR:root:An error has happened!
INFO:root:Informational message
ERROR:root:An error has happened!
INFO:root:Informational message
ERROR:root:An error has happened!
INFO:root:Informational message
ERROR:root:An error has happened!
INFO:root:Informational message
ERROR:root:An error has happened!
INFO:root:Informational message
ERROR:root:An error has happened!
INFO:root:Informational message
ERROR:root:An error has happened!
INFO:root:Informational message
ERROR:root:An error has happened!
INFO:root:Informational message
ERROR:root:An error has happened!
INFO:root:пїЅпїЅпїЅ пїЅпїЅпїЅпїЅпїЅпїЅпїЅ пїЅпїЅпїЅпїЅпїЅпїЅпїЅпїЅпїЅ
INFO:root:пїЅпїЅпїЅ пїЅпїЅпїЅпїЅпїЅпїЅпїЅ пїЅпїЅпїЅпїЅпїЅпїЅпїЅпїЅпїЅ
INFO:root:пїЅпїЅпїЅпїЅпїЅпїЅ пїЅпїЅпїЅпїЅ info.txt
INFO:root:пїЅпїЅпїЅ пїЅпїЅпїЅпїЅпїЅпїЅпїЅ пїЅпїЅпїЅпїЅпїЅпїЅпїЅпїЅпїЅ
INFO:root:пїЅпїЅпїЅпїЅпїЅпїЅ пїЅпїЅпїЅпїЅпїЅпїЅ 'пїЅпїЅ пїЅпїЅпїЅ пїЅпїЅпїЅпїЅпїЅпїЅпїЅпїЅ???'
INFO:root:пїЅпїЅпїЅпїЅпїЅпїЅ пїЅпїЅпїЅпїЅ info.txt
INFO:root:пїЅпїЅпїЅ пїЅпїЅпїЅпїЅпїЅпїЅпїЅ пїЅпїЅпїЅпїЅпїЅпїЅпїЅпїЅпїЅ
INFO:root:пїЅпїЅпїЅпїЅпїЅпїЅ пїЅпїЅпїЅпїЅпїЅпїЅ 'пїЅпїЅ пїЅпїЅпїЅ пїЅпїЅпїЅпїЅпїЅпїЅпїЅпїЅ???'
INFO:root:пїЅпїЅпїЅпїЅпїЅпїЅ пїЅпїЅпїЅпїЅпїЅпїЅ 'пїЅпїЅпїЅпїЅпїЅпїЅпїЅпїЅ пїЅпїЅпїЅпїЅпїЅпїЅпїЅпїЅпїЅ'
INFO:root:пїЅпїЅпїЅпїЅпїЅпїЅ пїЅпїЅпїЅпїЅпїЅпїЅ 'пїЅпїЅпїЅ пїЅпїЅпїЅпїЅпїЅпїЅпїЅпїЅпїЅпїЅ?'
INFO:root:пїЅпїЅпїЅпїЅпїЅпїЅ пїЅпїЅпїЅпїЅ info.txt
INFO:root:пїЅпїЅпїЅ пїЅпїЅпїЅпїЅпїЅпїЅпїЅ пїЅпїЅпїЅпїЅпїЅпїЅпїЅпїЅпїЅ
INFO:root:пїЅпїЅпїЅпїЅпїЅпїЅ пїЅпїЅпїЅпїЅпїЅпїЅ 'пїЅпїЅ пїЅпїЅпїЅ пїЅпїЅпїЅпїЅпїЅпїЅпїЅпїЅ???'
INFO:root:пїЅпїЅпїЅпїЅпїЅпїЅ пїЅпїЅпїЅпїЅпїЅпїЅ 'PC Game'
INFO:root:пїЅпїЅпїЅпїЅпїЅпїЅ пїЅпїЅпїЅпїЅпїЅпїЅ 'PC Game'
INFO:root:пїЅпїЅпїЅпїЅпїЅпїЅ пїЅпїЅпїЅпїЅпїЅпїЅ 'пїЅпїЅ пїЅпїЅпїЅ пїЅпїЅпїЅпїЅпїЅпїЅпїЅпїЅ???'
INFO:root:пїЅпїЅпїЅпїЅпїЅпїЅ пїЅпїЅпїЅпїЅпїЅпїЅ 'Board Game'
INFO:root:пїЅпїЅпїЅпїЅпїЅпїЅ пїЅпїЅпїЅпїЅпїЅпїЅ 'пїЅпїЅпїЅпїЅпїЅпїЅпїЅпїЅ пїЅпїЅпїЅпїЅпїЅпїЅпїЅпїЅпїЅ'
INFO:root:пїЅпїЅпїЅпїЅпїЅпїЅ пїЅпїЅпїЅпїЅпїЅпїЅ 'пїЅпїЅпїЅпїЅпїЅпїЅпїЅпїЅ пїЅпїЅпїЅпїЅпїЅпїЅпїЅпїЅпїЅ'
INFO:root:пїЅпїЅпїЅ пїЅпїЅпїЅпїЅпїЅпїЅпїЅ пїЅпїЅпїЅпїЅпїЅпїЅпїЅпїЅпїЅ
INFO:root:пїЅпїЅпїЅпїЅпїЅпїЅ пїЅпїЅпїЅпїЅпїЅпїЅ 'пїЅпїЅпїЅпїЅпїЅпїЅпїЅпїЅ пїЅпїЅпїЅпїЅпїЅпїЅпїЅпїЅпїЅ'
INFO:root:пїЅпїЅпїЅпїЅпїЅпїЅ пїЅпїЅпїЅ 'пїЅпїЅпїЅпїЅпїЅпїЅпїЅпїЅпїЅ пїЅпїЅпїЅпїЅпїЅпїЅпїЅпїЅ'
INFO:root:пїЅпїЅпїЅпїЅпїЅпїЅ пїЅпїЅпїЅ 'Excel-пїЅпїЅпїЅпїЅ пїЅ пїЅпїЅпїЅпїЅпїЅ пїЅпїЅпїЅпїЅпїЅпїЅпїЅпїЅпїЅпїЅ'
INFO:root:пїЅпїЅпїЅпїЅпїЅпїЅ пїЅпїЅпїЅ 'Excel-пїЅпїЅпїЅпїЅпїЅпїЅпїЅ пїЅ пїЅпїЅпїЅпїЅпїЅпїЅпїЅпїЅпїЅпїЅ пїЅпїЅпїЅпїЅпїЅпїЅпїЅпїЅпїЅпїЅ'
INFO:root:пїЅпїЅпїЅпїЅпїЅпїЅ пїЅпїЅпїЅпїЅпїЅпїЅ 'пїЅпїЅ пїЅпїЅпїЅ пїЅпїЅпїЅпїЅпїЅпїЅпїЅпїЅ???'
INFO:root:пїЅпїЅпїЅпїЅпїЅпїЅ пїЅпїЅпїЅпїЅпїЅпїЅ 'пїЅпїЅпїЅпїЅпїЅпїЅпїЅпїЅ пїЅпїЅпїЅпїЅпїЅпїЅпїЅпїЅпїЅ'
INFO:root:пїЅпїЅпїЅпїЅпїЅпїЅ пїЅпїЅпїЅ 'пїЅпїЅпїЅпїЅпїЅпїЅпїЅпїЅпїЅ пїЅпїЅпїЅпїЅпїЅпїЅпїЅпїЅ'
INFO:root:пїЅпїЅпїЅпїЅпїЅпїЅ пїЅпїЅпїЅ 'Excel-пїЅпїЅпїЅпїЅ пїЅ пїЅпїЅпїЅпїЅпїЅ пїЅпїЅпїЅпїЅпїЅпїЅпїЅпїЅпїЅпїЅ'
INFO:root:пїЅпїЅпїЅпїЅпїЅпїЅ пїЅпїЅпїЅ 'Excel-пїЅпїЅпїЅпїЅпїЅпїЅпїЅ пїЅ пїЅпїЅпїЅпїЅпїЅпїЅпїЅпїЅпїЅпїЅ пїЅпїЅпїЅпїЅпїЅпїЅпїЅпїЅпїЅпїЅ'
INFO:root:пїЅпїЅпїЅ пїЅпїЅпїЅпїЅпїЅпїЅпїЅ пїЅпїЅпїЅпїЅпїЅпїЅпїЅпїЅпїЅ
INFO:root:пїЅпїЅпїЅпїЅпїЅпїЅ пїЅпїЅпїЅпїЅпїЅпїЅ 'пїЅпїЅпїЅпїЅпїЅпїЅпїЅпїЅ пїЅпїЅпїЅпїЅпїЅпїЅпїЅпїЅпїЅ'
INFO:root:пїЅпїЅпїЅпїЅпїЅпїЅ пїЅпїЅпїЅ 'пїЅпїЅпїЅпїЅпїЅпїЅпїЅпїЅпїЅ пїЅпїЅпїЅпїЅпїЅпїЅпїЅпїЅ'
INFO:root:пїЅпїЅпїЅпїЅпїЅпїЅ пїЅпїЅпїЅ 'Excel-пїЅпїЅпїЅпїЅ пїЅ пїЅпїЅпїЅпїЅпїЅ пїЅпїЅпїЅпїЅпїЅпїЅпїЅпїЅпїЅпїЅ'
INFO:root:пїЅпїЅпїЅпїЅпїЅпїЅ пїЅпїЅпїЅ 'Excel-пїЅпїЅпїЅпїЅпїЅпїЅпїЅ пїЅ пїЅпїЅпїЅпїЅпїЅпїЅпїЅпїЅпїЅпїЅ пїЅпїЅпїЅпїЅпїЅпїЅпїЅпїЅпїЅпїЅ'
INFO:root:Нажата кнопка 'Во что поиграть???'
INFO:root:Нажата кнопка 'PC Game'
INFO:root:Бот успешно стартанул
INFO:root:Нажата кнопка 'создание персонажа'
INFO:root:Выбран тип 'Текстовый документ'
INFO:root:Нажата кнопка 'создание персонажа'
INFO:root:Выбран тип 'Excel-файл с одним персонажем'
INFO:root:Выбран тип 'Excel-таблица с множеством персонажей'
INFO:root:Нажата кнопка 'Во что поиграть???'
INFO:root:Нажата кнопка 'PC Game'
INFO:root:Нажата кнопка 'Во что поиграть???'
INFO:root:Нажата кнопка 'Board Game'
INFO:root:Нажата кнопка 'что посмотреть?'
INFO:root:Открыт файл info.txt
INFO:root:Нажата кнопка 'создание персонажа'
INFO:root:Выбран тип 'Excel-таблица с множеством персонажей'
INFO:root:Бот успешно стартанул
INFO:root:Нажата кнопка 'создание персонажа'
INFO:root:Выбран тип 'Excel-файл с одним персонажем'
INFO:root:Выбран тип 'Excel-таблица с множеством персонажей'
INFO:root:Нажата кнопка 'создание персонажа'
INFO:root:Выбран тип 'Excel-таблица с множеством персонажей'
